# JRE version: Java(TM) SE Runtime Environment (8.0_121-b13) (build 1.8.0_121-b13)
# Java VM: Java HotSpot(TM) 64-Bit Server VM (25.121-b13 mixed mode windows-amd64 compressed oops)
Heap:
 PSYoungGen      total 371712K, used 64458K [0x00000000d6000000, 0x00000000f0100000, 0x0000000100000000)
  eden space 332800K, 10% used [0x00000000d6000000,0x00000000d8142c20,0x00000000ea500000)
  from space 38912K, 78% used [0x00000000edb00000,0x00000000ef8afbe0,0x00000000f0100000)
  to   space 47104K, 0% used [0x00000000ea500000,0x00000000ea500000,0x00000000ed300000)
 ParOldGen       total 143872K, used 61717K [0x0000000082000000, 0x000000008ac80000, 0x00000000d6000000)
  object space 143872K, 42% used [0x0000000082000000,0x0000000085c45410,0x000000008ac80000)
 Metaspace       used 35716K, capacity 36308K, committed 36528K, reserved 1081344K
  class space    used 4307K, capacity 4490K, committed 4528K, reserved 1048576K
GC Heap History (10 events):
Event: 8.331 GC heap before
{Heap before GC invocations=10 (full 1):
 PSYoungGen      total 204800K, used 204770K [0x00000000d6000000, 0x00000000e5380000, 0x0000000100000000)
  eden space 186880K, 100% used [0x00000000d6000000,0x00000000e1680000,0x00000000e1680000)
  from space 17920K, 99% used [0x00000000e2e00000,0x00000000e3f78b28,0x00000000e3f80000)
  to   space 24064K, 0% used [0x00000000e1680000,0x00000000e1680000,0x00000000e2e00000)
 ParOldGen       total 71680K, used 31526K [0x0000000082000000, 0x0000000086600000, 0x00000000d6000000)
  object space 71680K, 43% used [0x0000000082000000,0x0000000083ec9a88,0x0000000086600000)
 Metaspace       used 24432K, capacity 24858K, committed 25136K, reserved 1071104K
  class space    used 2837K, capacity 3001K, committed 3120K, reserved 1048576K
Event: 8.370 GC heap after
Heap after GC invocations=10 (full 1):
 PSYoungGen      total 210944K, used 24044K [0x00000000d6000000, 0x00000000e9700000, 0x0000000100000000)
  eden space 186880K, 0% used [0x00000000d6000000,0x00000000d6000000,0x00000000e1680000)
  from space 24064K, 99% used [0x00000000e1680000,0x00000000e2dfb0a0,0x00000000e2e00000)
  to   space 32768K, 0% used [0x00000000e7700000,0x00000000e7700000,0x00000000e9700000)
 ParOldGen       total 71680K, used 45015K [0x0000000082000000, 0x0000000086600000, 0x00000000d6000000)
  object space 71680K, 62% used [0x0000000082000000,0x0000000084bf5ec8,0x0000000086600000)
 Metaspace       used 24432K, capacity 24858K, committed 25136K, reserved 1071104K
  class space    used 2837K, capacity 3001K, committed 3120K, reserved 1048576K
}
Event: 9.139 GC heap before
{Heap before GC invocations=11 (full 1):
 PSYoungGen      total 210944K, used 210924K [0x00000000d6000000, 0x00000000e9700000, 0x0000000100000000)
  eden space 186880K, 100% used [0x00000000d6000000,0x00000000e1680000,0x00000000e1680000)
  from space 24064K, 99% used [0x00000000e1680000,0x00000000e2dfb0a0,0x00000000e2e00000)
  to   space 32768K, 0% used [0x00000000e7700000,0x00000000e7700000,0x00000000e9700000)
 ParOldGen       total 71680K, used 45015K [0x0000000082000000, 0x0000000086600000, 0x00000000d6000000)
  object space 71680K, 62% used [0x0000000082000000,0x0000000084bf5ec8,0x0000000086600000)
 Metaspace       used 24434K, capacity 24858K, committed 25136K, reserved 1071104K
  class space    used 2837K, capacity 3001K, committed 3120K, reserved 1048576K
Event: 9.177 GC heap after
Heap after GC invocations=11 (full 1):
 PSYoungGen      total 277504K, used 32746K [0x00000000d6000000, 0x00000000eac00000, 0x0000000100000000)
  eden space 244736K, 0% used [0x00000000d6000000,0x00000000d6000000,0x00000000e4f00000)
  from space 32768K, 99% used [0x00000000e7700000,0x00000000e96fa860,0x00000000e9700000)
  to   space 40960K, 0% used [0x00000000e4f00000,0x00000000e4f00000,0x00000000e7700000)
 ParOldGen       total 71680K, used 53119K [0x0000000082000000, 0x0000000086600000, 0x00000000d6000000)
  object space 71680K, 74% used [0x0000000082000000,0x00000000853dfd80,0x0000000086600000)
 Metaspace       used 24434K, capacity 24858K, committed 25136K, reserved 1071104K
  class space    used 2837K, capacity 3001K, committed 3120K, reserved 1048576K
}
Event: 10.001 GC heap before
{Heap before GC invocations=12 (full 1):
 PSYoungGen      total 277504K, used 277482K [0x00000000d6000000, 0x00000000eac00000, 0x0000000100000000)
  eden space 244736K, 100% used [0x00000000d6000000,0x00000000e4f00000,0x00000000e4f00000)
  from space 32768K, 99% used [0x00000000e7700000,0x00000000e96fa860,0x00000000e9700000)
  to   space 40960K, 0% used [0x00000000e4f00000,0x00000000e4f00000,0x00000000e7700000)
 ParOldGen       total 71680K, used 53119K [0x0000000082000000, 0x0000000086600000, 0x00000000d6000000)
  object space 71680K, 74% used [0x0000000082000000,0x00000000853dfd80,0x0000000086600000)
 Metaspace       used 24455K, capacity 24990K, committed 25392K, reserved 1071104K
  class space    used 2840K, capacity 3001K, committed 3120K, reserved 1048576K
Event: 10.044 GC heap after
Heap after GC invocations=12 (full 1):
 PSYoungGen      total 285696K, used 36013K [0x00000000d6000000, 0x00000000f0780000, 0x0000000100000000)
  eden space 244736K, 0% used [0x00000000d6000000,0x00000000d6000000,0x00000000e4f00000)
  from space 40960K, 87% used [0x00000000e4f00000,0x00000000e722b7c0,0x00000000e7700000)
  to   space 45568K, 0% used [0x00000000edb00000,0x00000000edb00000,0x00000000f0780000)
 ParOldGen       total 71680K, used 60468K [0x0000000082000000, 0x0000000086600000, 0x00000000d6000000)
  object space 71680K, 84% used [0x0000000082000000,0x0000000085b0d360,0x0000000086600000)
 Metaspace       used 24455K, capacity 24990K, committed 25392K, reserved 1071104K
  class space    used 2840K, capacity 3001K, committed 3120K, reserved 1048576K
}
Event: 10.044 GC heap before
{Heap before GC invocations=13 (full 2):
 PSYoungGen      total 285696K, used 36013K [0x00000000d6000000, 0x00000000f0780000, 0x0000000100000000)
  eden space 244736K, 0% used [0x00000000d6000000,0x00000000d6000000,0x00000000e4f00000)
  from space 40960K, 87% used [0x00000000e4f00000,0x00000000e722b7c0,0x00000000e7700000)
  to   space 45568K, 0% used [0x00000000edb00000,0x00000000edb00000,0x00000000f0780000)
 ParOldGen       total 71680K, used 60468K [0x0000000082000000, 0x0000000086600000, 0x00000000d6000000)
  object space 71680K, 84% used [0x0000000082000000,0x0000000085b0d360,0x0000000086600000)
 Metaspace       used 24455K, capacity 24990K, committed 25392K, reserved 1071104K
  class space    used 2840K, capacity 3001K, committed 3120K, reserved 1048576K
Event: 10.154 GC heap after
Heap after GC invocations=13 (full 2):
 PSYoungGen      total 285696K, used 0K [0x00000000d6000000, 0x00000000f0780000, 0x0000000100000000)
  eden space 244736K, 0% used [0x00000000d6000000,0x00000000d6000000,0x00000000e4f00000)
  from space 40960K, 0% used [0x00000000e4f00000,0x00000000e4f00000,0x00000000e7700000)
  to   space 45568K, 0% used [0x00000000edb00000,0x00000000edb00000,0x00000000f0780000)
 ParOldGen       total 143872K, used 61709K [0x0000000082000000, 0x000000008ac80000, 0x00000000d6000000)
  object space 143872K, 42% used [0x0000000082000000,0x0000000085c43410,0x000000008ac80000)
 Metaspace       used 24455K, capacity 24990K, committed 25392K, reserved 1071104K
  class space    used 2840K, capacity 3001K, committed 3120K, reserved 1048576K
}
Event: 12.874 GC heap before
{Heap before GC invocations=14 (full 2):
 PSYoungGen      total 285696K, used 244736K [0x00000000d6000000, 0x00000000f0780000, 0x0000000100000000)
  eden space 244736K, 100% used [0x00000000d6000000,0x00000000e4f00000,0x00000000e4f00000)
  from space 40960K, 0% used [0x00000000e4f00000,0x00000000e4f00000,0x00000000e7700000)
  to   space 45568K, 0% used [0x00000000edb00000,0x00000000edb00000,0x00000000f0780000)
 ParOldGen       total 143872K, used 61709K [0x0000000082000000, 0x000000008ac80000, 0x00000000d6000000)
  object space 143872K, 42% used [0x0000000082000000,0x0000000085c43410,0x000000008ac80000)
 Metaspace       used 33906K, capacity 34574K, committed 34992K, reserved 1079296K
  class space    used 4064K, capacity 4233K, committed 4272K, reserved 1048576K
Event: 12.911 GC heap after
Heap after GC invocations=14 (full 2):
 PSYoungGen      total 371712K, used 30398K [0x00000000d6000000, 0x00000000f0100000, 0x0000000100000000)
  eden space 332800K, 0% used [0x00000000d6000000,0x00000000d6000000,0x00000000ea500000)
  from space 38912K, 78% used [0x00000000edb00000,0x00000000ef8afbe0,0x00000000f0100000)
  to   space 47104K, 0% used [0x00000000ea500000,0x00000000ea500000,0x00000000ed300000)
 ParOldGen       total 143872K, used 61717K [0x0000000082000000, 0x000000008ac80000, 0x00000000d6000000)
  object space 143872K, 42% used [0x0000000082000000,0x0000000085c45410,0x000000008ac80000)
 Metaspace       used 33906K, capacity 34574K, committed 34992K, reserved 1079296K
  class space    used 4064K, capacity 4233K, committed 4272K, reserved 1048576K
}

