# JRE version: Java(TM) SE Runtime Environment (8.0_121-b13) (build 1.8.0_121-b13)
# Java VM: Java HotSpot(TM) 64-Bit Server VM (25.121-b13 mixed mode windows-amd64 compressed oops)
Heap:
 PSYoungGen      total 283136K, used 87976K [0x00000000d6000000, 0x00000000f0880000, 0x0000000100000000)
  eden space 246272K, 20% used [0x00000000d6000000,0x00000000d91ef3d0,0x00000000e5080000)
  from space 36864K, 99% used [0x00000000e5080000,0x00000000e747ad38,0x00000000e7480000)
  to   space 45568K, 0% used [0x00000000edc00000,0x00000000edc00000,0x00000000f0880000)
 ParOldGen       total 73216K, used 59775K [0x0000000082000000, 0x0000000086780000, 0x00000000d6000000)
  object space 73216K, 81% used [0x0000000082000000,0x0000000085a5fd60,0x0000000086780000)
 Metaspace       used 25367K, capacity 25924K, committed 26240K, reserved 1073152K
  class space    used 2928K, capacity 3098K, committed 3200K, reserved 1048576K
GC Heap History (10 events):
Event: 7.794 GC heap before
{Heap before GC invocations=8 (full 1):
 PSYoungGen      total 140800K, used 130048K [0x00000000d6000000, 0x00000000df700000, 0x0000000100000000)
  eden space 130048K, 100% used [0x00000000d6000000,0x00000000ddf00000,0x00000000ddf00000)
  from space 10752K, 0% used [0x00000000dea80000,0x00000000dea80000,0x00000000df500000)
  to   space 11776K, 0% used [0x00000000ddf00000,0x00000000ddf00000,0x00000000dea80000)
 ParOldGen       total 73216K, used 15714K [0x0000000082000000, 0x0000000086780000, 0x00000000d6000000)
  object space 73216K, 21% used [0x0000000082000000,0x0000000082f588f8,0x0000000086780000)
 Metaspace       used 24415K, capacity 24880K, committed 25088K, reserved 1071104K
  class space    used 2832K, capacity 2967K, committed 3072K, reserved 1048576K
Event: 7.833 GC heap after
Heap after GC invocations=8 (full 1):
 PSYoungGen      total 141824K, used 11753K [0x00000000d6000000, 0x00000000e3a80000, 0x0000000100000000)
  eden space 130048K, 0% used [0x00000000d6000000,0x00000000d6000000,0x00000000ddf00000)
  from space 11776K, 99% used [0x00000000ddf00000,0x00000000dea7a568,0x00000000dea80000)
  to   space 17408K, 0% used [0x00000000e2980000,0x00000000e2980000,0x00000000e3a80000)
 ParOldGen       total 73216K, used 24382K [0x0000000082000000, 0x0000000086780000, 0x00000000d6000000)
  object space 73216K, 33% used [0x0000000082000000,0x00000000837cf988,0x0000000086780000)
 Metaspace       used 24415K, capacity 24880K, committed 25088K, reserved 1071104K
  class space    used 2832K, capacity 2967K, committed 3072K, reserved 1048576K
}
Event: 8.551 GC heap before
{Heap before GC invocations=9 (full 1):
 PSYoungGen      total 141824K, used 141801K [0x00000000d6000000, 0x00000000e3a80000, 0x0000000100000000)
  eden space 130048K, 100% used [0x00000000d6000000,0x00000000ddf00000,0x00000000ddf00000)
  from space 11776K, 99% used [0x00000000ddf00000,0x00000000dea7a568,0x00000000dea80000)
  to   space 17408K, 0% used [0x00000000e2980000,0x00000000e2980000,0x00000000e3a80000)
 ParOldGen       total 73216K, used 24382K [0x0000000082000000, 0x0000000086780000, 0x00000000d6000000)
  object space 73216K, 33% used [0x0000000082000000,0x00000000837cf988,0x0000000086780000)
 Metaspace       used 24422K, capacity 24880K, committed 25088K, reserved 1071104K
  class space    used 2832K, capacity 2967K, committed 3072K, reserved 1048576K
Event: 8.588 GC heap after
Heap after GC invocations=9 (full 1):
 PSYoungGen      total 200192K, used 17402K [0x00000000d6000000, 0x00000000e5300000, 0x0000000100000000)
  eden space 182784K, 0% used [0x00000000d6000000,0x00000000d6000000,0x00000000e1280000)
  from space 17408K, 99% used [0x00000000e2980000,0x00000000e3a7e818,0x00000000e3a80000)
  to   space 23552K, 0% used [0x00000000e1280000,0x00000000e1280000,0x00000000e2980000)
 ParOldGen       total 73216K, used 32141K [0x0000000082000000, 0x0000000086780000, 0x00000000d6000000)
  object space 73216K, 43% used [0x0000000082000000,0x0000000083f63538,0x0000000086780000)
 Metaspace       used 24422K, capacity 24880K, committed 25088K, reserved 1071104K
  class space    used 2832K, capacity 2967K, committed 3072K, reserved 1048576K
}
Event: 9.648 GC heap before
{Heap before GC invocations=10 (full 1):
 PSYoungGen      total 200192K, used 200186K [0x00000000d6000000, 0x00000000e5300000, 0x0000000100000000)
  eden space 182784K, 100% used [0x00000000d6000000,0x00000000e1280000,0x00000000e1280000)
  from space 17408K, 99% used [0x00000000e2980000,0x00000000e3a7e818,0x00000000e3a80000)
  to   space 23552K, 0% used [0x00000000e1280000,0x00000000e1280000,0x00000000e2980000)
 ParOldGen       total 73216K, used 32141K [0x0000000082000000, 0x0000000086780000, 0x00000000d6000000)
  object space 73216K, 43% used [0x0000000082000000,0x0000000083f63538,0x0000000086780000)
 Metaspace       used 24426K, capacity 24880K, committed 25088K, reserved 1071104K
  class space    used 2832K, capacity 2967K, committed 3072K, reserved 1048576K
Event: 9.708 GC heap after
Heap after GC invocations=10 (full 1):
 PSYoungGen      total 206336K, used 23533K [0x00000000d6000000, 0x00000000e9400000, 0x0000000100000000)
  eden space 182784K, 0% used [0x00000000d6000000,0x00000000d6000000,0x00000000e1280000)
  from space 23552K, 99% used [0x00000000e1280000,0x00000000e297b500,0x00000000e2980000)
  to   space 32256K, 0% used [0x00000000e7480000,0x00000000e7480000,0x00000000e9400000)
 ParOldGen       total 73216K, used 44725K [0x0000000082000000, 0x0000000086780000, 0x00000000d6000000)
  object space 73216K, 61% used [0x0000000082000000,0x0000000084bad548,0x0000000086780000)
 Metaspace       used 24426K, capacity 24880K, committed 25088K, reserved 1071104K
  class space    used 2832K, capacity 2967K, committed 3072K, reserved 1048576K
}
Event: 10.529 GC heap before
{Heap before GC invocations=11 (full 1):
 PSYoungGen      total 206336K, used 206317K [0x00000000d6000000, 0x00000000e9400000, 0x0000000100000000)
  eden space 182784K, 100% used [0x00000000d6000000,0x00000000e1280000,0x00000000e1280000)
  from space 23552K, 99% used [0x00000000e1280000,0x00000000e297b500,0x00000000e2980000)
  to   space 32256K, 0% used [0x00000000e7480000,0x00000000e7480000,0x00000000e9400000)
 ParOldGen       total 73216K, used 44725K [0x0000000082000000, 0x0000000086780000, 0x00000000d6000000)
  object space 73216K, 61% used [0x0000000082000000,0x0000000084bad548,0x0000000086780000)
 Metaspace       used 24450K, capacity 24980K, committed 25344K, reserved 1071104K
  class space    used 2835K, capacity 2999K, committed 3072K, reserved 1048576K
Event: 10.584 GC heap after
Heap after GC invocations=11 (full 1):
 PSYoungGen      total 278528K, used 31768K [0x00000000d6000000, 0x00000000ea280000, 0x0000000100000000)
  eden space 246272K, 0% used [0x00000000d6000000,0x00000000d6000000,0x00000000e5080000)
  from space 32256K, 98% used [0x00000000e7480000,0x00000000e93862e0,0x00000000e9400000)
  to   space 36864K, 0% used [0x00000000e5080000,0x00000000e5080000,0x00000000e7480000)
 ParOldGen       total 73216K, used 51849K [0x0000000082000000, 0x0000000086780000, 0x00000000d6000000)
  object space 73216K, 70% used [0x0000000082000000,0x00000000852a2710,0x0000000086780000)
 Metaspace       used 24450K, capacity 24980K, committed 25344K, reserved 1071104K
  class space    used 2835K, capacity 2999K, committed 3072K, reserved 1048576K
}
Event: 12.504 GC heap before
{Heap before GC invocations=12 (full 1):
 PSYoungGen      total 278528K, used 278040K [0x00000000d6000000, 0x00000000ea280000, 0x0000000100000000)
  eden space 246272K, 100% used [0x00000000d6000000,0x00000000e5080000,0x00000000e5080000)
  from space 32256K, 98% used [0x00000000e7480000,0x00000000e93862e0,0x00000000e9400000)
  to   space 36864K, 0% used [0x00000000e5080000,0x00000000e5080000,0x00000000e7480000)
 ParOldGen       total 73216K, used 51849K [0x0000000082000000, 0x0000000086780000, 0x00000000d6000000)
  object space 73216K, 70% used [0x0000000082000000,0x00000000852a2710,0x0000000086780000)
 Metaspace       used 25334K, capacity 25924K, committed 26240K, reserved 1073152K
  class space    used 2924K, capacity 3098K, committed 3200K, reserved 1048576K
Event: 12.572 GC heap after
Heap after GC invocations=12 (full 1):
 PSYoungGen      total 283136K, used 36843K [0x00000000d6000000, 0x00000000f0880000, 0x0000000100000000)
  eden space 246272K, 0% used [0x00000000d6000000,0x00000000d6000000,0x00000000e5080000)
  from space 36864K, 99% used [0x00000000e5080000,0x00000000e747ad38,0x00000000e7480000)
  to   space 45568K, 0% used [0x00000000edc00000,0x00000000edc00000,0x00000000f0880000)
 ParOldGen       total 73216K, used 59775K [0x0000000082000000, 0x0000000086780000, 0x00000000d6000000)
  object space 73216K, 81% used [0x0000000082000000,0x0000000085a5fd60,0x0000000086780000)
 Metaspace       used 25334K, capacity 25924K, committed 26240K, reserved 1073152K
  class space    used 2924K, capacity 3098K, committed 3200K, reserved 1048576K
}

